<?xml version="1.0" encoding="UTF-8"?>
<testsuite name="_2StateMachine.moreTestsForTask2.TestIllegalStates" tests="8" skipped="0" failures="2" errors="0" timestamp="2016-11-14T06:05:11" hostname="ASUS" time="0.014">
  <properties/>
  <testcase name="transitionOnlyToKnownStates" classname="_2StateMachine.moreTestsForTask2.TestIllegalStates" time="0.005"/>
  <testcase name="uniqueCommands" classname="_2StateMachine.moreTestsForTask2.TestIllegalStates" time="0.001"/>
  <testcase name="onlyKnownEvent" classname="_2StateMachine.moreTestsForTask2.TestIllegalStates" time="0.002">
    <failure message="java.lang.AssertionError: Expected an exception of type class java.lang.IllegalStateException to be thrown, but was completed successfully." type="java.lang.AssertionError">java.lang.AssertionError: Expected an exception of type class java.lang.IllegalStateException to be thrown, but was completed successfully.
	at org.junit.Assert.fail(Assert.java:88)
	at kotlin.test.junit.JUnitAsserter.fail(JUnitSupport.kt:39)
	at kotlin.test.AssertionsKt__TestAssertionsJVMKt.assertFailsWithImpl$AssertionsKt__TestAssertionsJVMKt(TestAssertionsJVM.kt:19)
	at kotlin.test.AssertionsKt__TestAssertionsJVMKt.assertFailsWith(TestAssertionsJVM.kt:26)
	at kotlin.test.AssertionsKt.assertFailsWith(Unknown Source)
	at _2StateMachine.moreTestsForTask2.TestIllegalStates$onlyKnownEvent$1$1.invoke(TestIllegalStates.kt:36)
	at _2StateMachine.moreTestsForTask2.TestIllegalStates$onlyKnownEvent$1$1.invoke(TestIllegalStates.kt:7)
	at _2StateMachine.task2.StateMachineBuilder.state(KhorinAntonTask2.kt:23)
	at _2StateMachine.moreTestsForTask2.TestIllegalStates$onlyKnownEvent$1.invoke(TestIllegalStates.kt:35)
	at _2StateMachine.moreTestsForTask2.TestIllegalStates$onlyKnownEvent$1.invoke(TestIllegalStates.kt:7)
	at _2StateMachine.task2.KhorinAntonTask2Kt.stateMachine(KhorinAntonTask2.kt:48)
	at _2StateMachine.moreTestsForTask2.TestIllegalStates.onlyKnownEvent(TestIllegalStates.kt:34)
	at sun.reflect.NativeMethodAccessorImpl.invoke0(Native Method)
	at sun.reflect.NativeMethodAccessorImpl.invoke(NativeMethodAccessorImpl.java:62)
	at sun.reflect.DelegatingMethodAccessorImpl.invoke(DelegatingMethodAccessorImpl.java:43)
	at java.lang.reflect.Method.invoke(Method.java:498)
	at org.junit.runners.model.FrameworkMethod$1.runReflectiveCall(FrameworkMethod.java:47)
	at org.junit.internal.runners.model.ReflectiveCallable.run(ReflectiveCallable.java:12)
	at org.junit.runners.model.FrameworkMethod.invokeExplosively(FrameworkMethod.java:44)
	at org.junit.internal.runners.statements.InvokeMethod.evaluate(InvokeMethod.java:17)
	at org.junit.runners.ParentRunner.runLeaf(ParentRunner.java:271)
	at org.junit.runners.BlockJUnit4ClassRunner.runChild(BlockJUnit4ClassRunner.java:70)
	at org.junit.runners.BlockJUnit4ClassRunner.runChild(BlockJUnit4ClassRunner.java:50)
	at org.junit.runners.ParentRunner$3.run(ParentRunner.java:238)
	at org.junit.runners.ParentRunner$1.schedule(ParentRunner.java:63)
	at org.junit.runners.ParentRunner.runChildren(ParentRunner.java:236)
	at org.junit.runners.ParentRunner.access$000(ParentRunner.java:53)
	at org.junit.runners.ParentRunner$2.evaluate(ParentRunner.java:229)
	at org.junit.runners.ParentRunner.run(ParentRunner.java:309)
	at org.gradle.api.internal.tasks.testing.junit.JUnitTestClassExecuter.runTestClass(JUnitTestClassExecuter.java:112)
	at org.gradle.api.internal.tasks.testing.junit.JUnitTestClassExecuter.execute(JUnitTestClassExecuter.java:56)
	at org.gradle.api.internal.tasks.testing.junit.JUnitTestClassProcessor.processTestClass(JUnitTestClassProcessor.java:66)
	at org.gradle.api.internal.tasks.testing.SuiteTestClassProcessor.processTestClass(SuiteTestClassProcessor.java:51)
	at sun.reflect.NativeMethodAccessorImpl.invoke0(Native Method)
	at sun.reflect.NativeMethodAccessorImpl.invoke(NativeMethodAccessorImpl.java:62)
	at sun.reflect.DelegatingMethodAccessorImpl.invoke(DelegatingMethodAccessorImpl.java:43)
	at java.lang.reflect.Method.invoke(Method.java:498)
	at org.gradle.messaging.dispatch.ReflectionDispatch.dispatch(ReflectionDispatch.java:35)
	at org.gradle.messaging.dispatch.ReflectionDispatch.dispatch(ReflectionDispatch.java:24)
	at org.gradle.messaging.dispatch.ContextClassLoaderDispatch.dispatch(ContextClassLoaderDispatch.java:32)
	at org.gradle.messaging.dispatch.ProxyDispatchAdapter$DispatchingInvocationHandler.invoke(ProxyDispatchAdapter.java:93)
	at com.sun.proxy.$Proxy2.processTestClass(Unknown Source)
	at org.gradle.api.internal.tasks.testing.worker.TestWorker.processTestClass(TestWorker.java:109)
	at sun.reflect.NativeMethodAccessorImpl.invoke0(Native Method)
	at sun.reflect.NativeMethodAccessorImpl.invoke(NativeMethodAccessorImpl.java:62)
	at sun.reflect.DelegatingMethodAccessorImpl.invoke(DelegatingMethodAccessorImpl.java:43)
	at java.lang.reflect.Method.invoke(Method.java:498)
	at org.gradle.messaging.dispatch.ReflectionDispatch.dispatch(ReflectionDispatch.java:35)
	at org.gradle.messaging.dispatch.ReflectionDispatch.dispatch(ReflectionDispatch.java:24)
	at org.gradle.messaging.remote.internal.hub.MessageHub$Handler.run(MessageHub.java:364)
	at org.gradle.internal.concurrent.ExecutorPolicy$CatchAndRecordFailures.onExecute(ExecutorPolicy.java:54)
	at org.gradle.internal.concurrent.StoppableExecutorImpl$1.run(StoppableExecutorImpl.java:40)
	at java.util.concurrent.ThreadPoolExecutor.runWorker(ThreadPoolExecutor.java:1142)
	at java.util.concurrent.ThreadPoolExecutor$Worker.run(ThreadPoolExecutor.java:617)
	at java.lang.Thread.run(Thread.java:745)
</failure>
  </testcase>
  <testcase name="onlyKnownResetEvent" classname="_2StateMachine.moreTestsForTask2.TestIllegalStates" time="0.001"/>
  <testcase name="onlyKnownCommand" classname="_2StateMachine.moreTestsForTask2.TestIllegalStates" time="0.001">
    <failure message="java.lang.AssertionError: Expected an exception of type class java.lang.IllegalStateException to be thrown, but was completed successfully." type="java.lang.AssertionError">java.lang.AssertionError: Expected an exception of type class java.lang.IllegalStateException to be thrown, but was completed successfully.
	at org.junit.Assert.fail(Assert.java:88)
	at kotlin.test.junit.JUnitAsserter.fail(JUnitSupport.kt:39)
	at kotlin.test.AssertionsKt__TestAssertionsJVMKt.assertFailsWithImpl$AssertionsKt__TestAssertionsJVMKt(TestAssertionsJVM.kt:19)
	at kotlin.test.AssertionsKt__TestAssertionsJVMKt.assertFailsWith(TestAssertionsJVM.kt:26)
	at kotlin.test.AssertionsKt.assertFailsWith(Unknown Source)
	at _2StateMachine.moreTestsForTask2.TestIllegalStates$onlyKnownCommand$1$1.invoke(TestIllegalStates.kt:14)
	at _2StateMachine.moreTestsForTask2.TestIllegalStates$onlyKnownCommand$1$1.invoke(TestIllegalStates.kt:7)
	at _2StateMachine.task2.StateMachineBuilder.state(KhorinAntonTask2.kt:23)
	at _2StateMachine.moreTestsForTask2.TestIllegalStates$onlyKnownCommand$1.invoke(TestIllegalStates.kt:13)
	at _2StateMachine.moreTestsForTask2.TestIllegalStates$onlyKnownCommand$1.invoke(TestIllegalStates.kt:7)
	at _2StateMachine.task2.KhorinAntonTask2Kt.stateMachine(KhorinAntonTask2.kt:48)
	at _2StateMachine.moreTestsForTask2.TestIllegalStates.onlyKnownCommand(TestIllegalStates.kt:12)
	at sun.reflect.NativeMethodAccessorImpl.invoke0(Native Method)
	at sun.reflect.NativeMethodAccessorImpl.invoke(NativeMethodAccessorImpl.java:62)
	at sun.reflect.DelegatingMethodAccessorImpl.invoke(DelegatingMethodAccessorImpl.java:43)
	at java.lang.reflect.Method.invoke(Method.java:498)
	at org.junit.runners.model.FrameworkMethod$1.runReflectiveCall(FrameworkMethod.java:47)
	at org.junit.internal.runners.model.ReflectiveCallable.run(ReflectiveCallable.java:12)
	at org.junit.runners.model.FrameworkMethod.invokeExplosively(FrameworkMethod.java:44)
	at org.junit.internal.runners.statements.InvokeMethod.evaluate(InvokeMethod.java:17)
	at org.junit.runners.ParentRunner.runLeaf(ParentRunner.java:271)
	at org.junit.runners.BlockJUnit4ClassRunner.runChild(BlockJUnit4ClassRunner.java:70)
	at org.junit.runners.BlockJUnit4ClassRunner.runChild(BlockJUnit4ClassRunner.java:50)
	at org.junit.runners.ParentRunner$3.run(ParentRunner.java:238)
	at org.junit.runners.ParentRunner$1.schedule(ParentRunner.java:63)
	at org.junit.runners.ParentRunner.runChildren(ParentRunner.java:236)
	at org.junit.runners.ParentRunner.access$000(ParentRunner.java:53)
	at org.junit.runners.ParentRunner$2.evaluate(ParentRunner.java:229)
	at org.junit.runners.ParentRunner.run(ParentRunner.java:309)
	at org.gradle.api.internal.tasks.testing.junit.JUnitTestClassExecuter.runTestClass(JUnitTestClassExecuter.java:112)
	at org.gradle.api.internal.tasks.testing.junit.JUnitTestClassExecuter.execute(JUnitTestClassExecuter.java:56)
	at org.gradle.api.internal.tasks.testing.junit.JUnitTestClassProcessor.processTestClass(JUnitTestClassProcessor.java:66)
	at org.gradle.api.internal.tasks.testing.SuiteTestClassProcessor.processTestClass(SuiteTestClassProcessor.java:51)
	at sun.reflect.NativeMethodAccessorImpl.invoke0(Native Method)
	at sun.reflect.NativeMethodAccessorImpl.invoke(NativeMethodAccessorImpl.java:62)
	at sun.reflect.DelegatingMethodAccessorImpl.invoke(DelegatingMethodAccessorImpl.java:43)
	at java.lang.reflect.Method.invoke(Method.java:498)
	at org.gradle.messaging.dispatch.ReflectionDispatch.dispatch(ReflectionDispatch.java:35)
	at org.gradle.messaging.dispatch.ReflectionDispatch.dispatch(ReflectionDispatch.java:24)
	at org.gradle.messaging.dispatch.ContextClassLoaderDispatch.dispatch(ContextClassLoaderDispatch.java:32)
	at org.gradle.messaging.dispatch.ProxyDispatchAdapter$DispatchingInvocationHandler.invoke(ProxyDispatchAdapter.java:93)
	at com.sun.proxy.$Proxy2.processTestClass(Unknown Source)
	at org.gradle.api.internal.tasks.testing.worker.TestWorker.processTestClass(TestWorker.java:109)
	at sun.reflect.NativeMethodAccessorImpl.invoke0(Native Method)
	at sun.reflect.NativeMethodAccessorImpl.invoke(NativeMethodAccessorImpl.java:62)
	at sun.reflect.DelegatingMethodAccessorImpl.invoke(DelegatingMethodAccessorImpl.java:43)
	at java.lang.reflect.Method.invoke(Method.java:498)
	at org.gradle.messaging.dispatch.ReflectionDispatch.dispatch(ReflectionDispatch.java:35)
	at org.gradle.messaging.dispatch.ReflectionDispatch.dispatch(ReflectionDispatch.java:24)
	at org.gradle.messaging.remote.internal.hub.MessageHub$Handler.run(MessageHub.java:364)
	at org.gradle.internal.concurrent.ExecutorPolicy$CatchAndRecordFailures.onExecute(ExecutorPolicy.java:54)
	at org.gradle.internal.concurrent.StoppableExecutorImpl$1.run(StoppableExecutorImpl.java:40)
	at java.util.concurrent.ThreadPoolExecutor.runWorker(ThreadPoolExecutor.java:1142)
	at java.util.concurrent.ThreadPoolExecutor$Worker.run(ThreadPoolExecutor.java:617)
	at java.lang.Thread.run(Thread.java:745)
</failure>
  </testcase>
  <testcase name="uniqueEvents" classname="_2StateMachine.moreTestsForTask2.TestIllegalStates" time="0.001"/>
  <testcase name="uniqueStates" classname="_2StateMachine.moreTestsForTask2.TestIllegalStates" time="0.001"/>
  <testcase name="startStateIsDeclared" classname="_2StateMachine.moreTestsForTask2.TestIllegalStates" time="0.001"/>
  <system-out><![CDATA[]]></system-out>
  <system-err><![CDATA[]]></system-err>
</testsuite>
